{"token":{"access":"eyJhbGciOiJIUzI1NiIsInR5cCI6IkpXVCJ9.eyJoYXNfZ3Vlc3QiOmZhbHNlLCJ0eXBlIjoiQUNDRVNTIiwiaXNzIjoiYmx1bSIsInN1YiI6ImQ0ZDU3YzhkLTlhNjUtNGZkMC05MTExLWJhMWJlNjRkYjUzZCIsImV4cCI6MTcxOTU3MjU1NiwiaWF0IjoxNzE5NTY4OTU2fQ.VbleCG9G1zZ1-QHmgWiOKdEh-ilz5cfLXCIRW7Wt-Xc", "refresh":"eyJhbGciOiJIUzI1NiIsInR5cCI6IkpXVCJ9.eyJoYXNfZ3Vlc3QiOmZhbHNlLCJ0eXBlIjoiUkVGUkVTSCIsImlzcyI6ImJsdW0iLCJzdWIiOiJkNGQ1N2M4ZC05YTY1LTRmZDAtOTExMS1iYTFiZTY0ZGI1M2QiLCJleHAiOjE3MTk2NTUzNTYsImlhdCI6MTcxOTU2ODk1Nn0.yueIGk0PIHKCBrdo28dHRxZqD1XEda5unkkCYLwW6qk", "user":{"id":{"id":"d4d57c8d-9a65-4fd0-9111-ba1be64db53d"}, "username":"Srimeii"}}}
{"message":"Not Found"}
{"limitInvitation":"6", "usedInvitation":"4", "amountForClaim":"1382.58", "referralToken":"0rpUGMFxZt", "percentFromFriends":10, "percentFromFriendsOfFriends":2.5, "canClaim":true}
{"claimBalance":"1382.58"}
{"availableBalance":"7362.2","playPasses":115,"timestamp":1719568959087,"farming":{"startTime":1719566291374,"endTime":1719595091374,"earningsRate":"0.002","balance":"5.334"}}
{"message":"Not Found"}
{"limitInvitation":"6", "usedInvitation":"4", "amountForClaim":"0", "referralToken":"0rpUGMFxZt", "percentFromFriends":10, "percentFromFriendsOfFriends":2.5, "canClaim":false, "canClaimAt":"1719597758267"}
{"availableBalance":"9044.78","playPasses":115,"timestamp":1719569380516,"farming":{"startTime":1719566291374,"endTime":1719595091374,"earningsRate":"0.002","balance":"6.178"}}
{"availableBalance":"9044.78","playPasses":115,"timestamp":1719569381219,"farming":{"startTime":1719566291374,"endTime":1719595091374,"earningsRate":"0.002","balance":"6.178"}}
{"gameId":"5230d5dc-a19e-4adc-9477-0d247d0baed9"}
OK
{"availableBalance":"9249.78","playPasses":114,"timestamp":1719569413655,"farming":{"startTime":1719566291374,"endTime":1719595091374,"earningsRate":"0.002","balance":"6.244"}}
{"gameId":"ba4c90b6-0b84-438a-8e92-a92aca3e9a45"}
OK
{"availableBalance":"9448.78","playPasses":113,"timestamp":1719569445973,"farming":{"startTime":1719566291374,"endTime":1719595091374,"earningsRate":"0.002","balance":"6.308"}}
{"gameId":"a0a4a3ff-9b2e-45f2-bc86-75dcb908108c"}
OK
{"availableBalance":"9696.78","playPasses":112,"timestamp":1719569478396,"farming":{"startTime":1719566291374,"endTime":1719595091374,"earningsRate":"0.002","balance":"6.374"}}
{"gameId":"1f423264-b277-4191-aad1-b6db38036e9a"}
OK
{"availableBalance":"9894.78","playPasses":111,"timestamp":1719569511489,"farming":{"startTime":1719566291374,"endTime":1719595091374,"earningsRate":"0.002","balance":"6.44"}}
{"gameId":"e0f3567b-7147-4d57-8ff2-fb28b5c9259a"}
OK
{"availableBalance":"10099.78","playPasses":110,"timestamp":1719569543746,"farming":{"startTime":1719566291374,"endTime":1719595091374,"earningsRate":"0.002","balance":"6.504"}}
{"gameId":"6b546f88-a0c9-465f-977b-3b11daf6b31c"}
OK
{"availableBalance":"9663.78","playPasses":109,"timestamp":1719569576060,"farming":{"startTime":1719566291374,"endTime":1719595091374,"earningsRate":"0.002","balance":"6.568"}}
{"gameId":"8a540b72-c515-4fe1-bcfe-91ced5d90931"}
OK
{"availableBalance":"9907.78","playPasses":108,"timestamp":1719569608175,"farming":{"startTime":1719566291374,"endTime":1719595091374,"earningsRate":"0.002","balance":"6.632"}}
{"gameId":"bcdac2fa-80ab-4f3e-8106-7bce668c4d5f"}
OK
{"availableBalance":"10128.78","playPasses":107,"timestamp":1719569640654,"farming":{"startTime":1719566291374,"endTime":1719595091374,"earningsRate":"0.002","balance":"6.698"}}
{"gameId":"b2fd2c6c-c7ea-4ff5-bc63-9203a430963c"}
OK
{"availableBalance":"10314.78","playPasses":106,"timestamp":1719569672803,"farming":{"startTime":1719566291374,"endTime":1719595091374,"earningsRate":"0.002","balance":"6.762"}}
{"gameId":"94a9157f-dad0-4d04-bf39-e584455fb6fd"}
OK
{"availableBalance":"10517.78","playPasses":105,"timestamp":1719569704854,"farming":{"startTime":1719566291374,"endTime":1719595091374,"earningsRate":"0.002","balance":"6.826"}}
{"gameId":"478a5ed2-bced-429d-ada2-5d17cd992e57"}
OK
{"availableBalance":"10740.78","playPasses":104,"timestamp":1719569736980,"farming":{"startTime":1719566291374,"endTime":1719595091374,"earningsRate":"0.002","balance":"6.89"}}
{"gameId":"bb6a1fdc-1956-42ae-90d8-6232505963d1"}
OK
{"availableBalance":"10977.78","playPasses":103,"timestamp":1719569769245,"farming":{"startTime":1719566291374,"endTime":1719595091374,"earningsRate":"0.002","balance":"6.954"}}
{"gameId":"4975acea-7a9c-4999-b789-ed6435a207f0"}
OK
{"availableBalance":"11184.78","playPasses":102,"timestamp":1719569801497,"farming":{"startTime":1719566291374,"endTime":1719595091374,"earningsRate":"0.002","balance":"7.02"}}
{"gameId":"54e6c21e-369e-4eb6-a18d-363e4bc853ad"}
OK
{"availableBalance":"11378.78","playPasses":101,"timestamp":1719569833691,"farming":{"startTime":1719566291374,"endTime":1719595091374,"earningsRate":"0.002","balance":"7.084"}}
{"gameId":"d8948995-f89c-4686-8e0b-746f061e8e91"}
OK
{"availableBalance":"11610.78","playPasses":100,"timestamp":1719569865974,"farming":{"startTime":1719566291374,"endTime":1719595091374,"earningsRate":"0.002","balance":"7.148"}}
{"gameId":"15421589-3e91-43dc-8ccb-b3db2053fbca"}
OK
{"availableBalance":"11835.78","playPasses":99,"timestamp":1719569898353,"farming":{"startTime":1719566291374,"endTime":1719595091374,"earningsRate":"0.002","balance":"7.212"}}
{"gameId":"1e8d07ec-3b08-4740-b503-3d88e687e916"}
OK
{"availableBalance":"12082.78","playPasses":98,"timestamp":1719569930741,"farming":{"startTime":1719566291374,"endTime":1719595091374,"earningsRate":"0.002","balance":"7.278"}}
{"gameId":"7961b24c-e67c-491e-8c1d-87c81fb2d426"}
OK
{"availableBalance":"12515.78","playPasses":97,"timestamp":1719569963063,"farming":{"startTime":1719566291374,"endTime":1719595091374,"earningsRate":"0.002","balance":"7.342"}}
{"gameId":"18ff461a-379a-4af3-9d2f-6858d1dc3f1b"}
OK
{"availableBalance":"12739.78","playPasses":96,"timestamp":1719569995412,"farming":{"startTime":1719566291374,"endTime":1719595091374,"earningsRate":"0.002","balance":"7.408"}}
{"gameId":"4241a6f3-8c09-4e8c-83f1-e0c6d1635be3"}
OK
{"availableBalance":"12987.78","playPasses":95,"timestamp":1719570027902,"farming":{"startTime":1719566291374,"endTime":1719595091374,"earningsRate":"0.002","balance":"7.472"}}
{"gameId":"d735b7ea-8c38-4837-b73d-10cb1a432f65"}
OK
{"availableBalance":"13206.78","playPasses":94,"timestamp":1719570060722,"farming":{"startTime":1719566291374,"endTime":1719595091374,"earningsRate":"0.002","balance":"7.538"}}
{"gameId":"97c67899-66ad-4d87-baf9-59ff693f98ce"}
OK
{"availableBalance":"13432.78","playPasses":93,"timestamp":1719570092947,"farming":{"startTime":1719566291374,"endTime":1719595091374,"earningsRate":"0.002","balance":"7.602"}}
{"gameId":"e631273a-7055-48fc-b779-ee635fc32577"}
OK
{"availableBalance":"13675.78","playPasses":92,"timestamp":1719570125805,"farming":{"startTime":1719566291374,"endTime":1719595091374,"earningsRate":"0.002","balance":"7.668"}}
{"gameId":"17743df8-ad41-4e1d-a805-a7e0a34792f9"}
OK
{"availableBalance":"13912.78","playPasses":91,"timestamp":1719570158286,"farming":{"startTime":1719566291374,"endTime":1719595091374,"earningsRate":"0.002","balance":"7.732"}}
{"gameId":"3a4a1a44-ca3a-451b-843a-1cff79199102"}
OK
{"availableBalance":"14105.78","playPasses":90,"timestamp":1719570190717,"farming":{"startTime":1719566291374,"endTime":1719595091374,"earningsRate":"0.002","balance":"7.798"}}
{"gameId":"77c43241-d97f-4dc4-bba4-7f708b9d8871"}
OK
{"availableBalance":"14319.78","playPasses":89,"timestamp":1719570223185,"farming":{"startTime":1719566291374,"endTime":1719595091374,"earningsRate":"0.002","balance":"7.862"}}
{"gameId":"27e93d6c-21ff-4655-a3e1-33bd58e685a4"}
OK
{"availableBalance":"14555.78","playPasses":88,"timestamp":1719570255295,"farming":{"startTime":1719566291374,"endTime":1719595091374,"earningsRate":"0.002","balance":"7.926"}}
{"gameId":"47e349d2-0db1-448c-9754-5d603518365f"}
OK
{"availableBalance":"14773.78","playPasses":87,"timestamp":1719570287534,"farming":{"startTime":1719566291374,"endTime":1719595091374,"earningsRate":"0.002","balance":"7.992"}}
{"gameId":"9581dc21-de87-43f2-8359-8e57fd376a1b"}
OK
{"availableBalance":"14988.78","playPasses":86,"timestamp":1719570319826,"farming":{"startTime":1719566291374,"endTime":1719595091374,"earningsRate":"0.002","balance":"8.056"}}
{"gameId":"739010e4-70a8-46ee-8d97-96a566ed772a"}
OK
{"availableBalance":"15234.78","playPasses":85,"timestamp":1719570352081,"farming":{"startTime":1719566291374,"endTime":1719595091374,"earningsRate":"0.002","balance":"8.12"}}
{"gameId":"860cc338-6647-4a3f-a5bd-88dd09b54d14"}
OK
{"availableBalance":"15473.78","playPasses":84,"timestamp":1719570384575,"farming":{"startTime":1719566291374,"endTime":1719595091374,"earningsRate":"0.002","balance":"8.186"}}
{"gameId":"bec7211f-328b-4049-8db4-f6a718a5dbc0"}
OK
{"availableBalance":"15668.78","playPasses":83,"timestamp":1719570416792,"farming":{"startTime":1719566291374,"endTime":1719595091374,"earningsRate":"0.002","balance":"8.25"}}
{"gameId":"0ad596d0-7f41-4ead-be1d-a4e2abb276e4"}
OK
{"availableBalance":"15914.78","playPasses":82,"timestamp":1719570449155,"farming":{"startTime":1719566291374,"endTime":1719595091374,"earningsRate":"0.002","balance":"8.314"}}
{"gameId":"230568b5-411d-4095-89f2-950fce6a0d56"}
OK
{"availableBalance":"16163.78","playPasses":81,"timestamp":1719570481896,"farming":{"startTime":1719566291374,"endTime":1719595091374,"earningsRate":"0.002","balance":"8.38"}}
{"gameId":"464b73a7-a934-4186-8a6f-a8d9a3eb50e6"}
OK
{"availableBalance":"16383.78","playPasses":80,"timestamp":1719570513945,"farming":{"startTime":1719566291374,"endTime":1719595091374,"earningsRate":"0.002","balance":"8.444"}}
{"gameId":"6cccc646-04cd-41aa-8dae-20062d745f08"}
OK
{"availableBalance":"16603.78","playPasses":79,"timestamp":1719570546106,"farming":{"startTime":1719566291374,"endTime":1719595091374,"earningsRate":"0.002","balance":"8.508"}}
{"gameId":"49903b39-3b60-4c3d-b4db-f9eb2f4b848f"}
OK
{"availableBalance":"16842.78","playPasses":78,"timestamp":1719570578113,"farming":{"startTime":1719566291374,"endTime":1719595091374,"earningsRate":"0.002","balance":"8.572"}}
{"gameId":"4780fcd5-0a3b-4559-b619-e53ec3760cb9"}
OK
{"availableBalance":"17061.78","playPasses":77,"timestamp":1719570610453,"farming":{"startTime":1719566291374,"endTime":1719595091374,"earningsRate":"0.002","balance":"8.638"}}
{"gameId":"8d377bc9-12dd-4cf1-85fb-2bc739d242da"}
OK
{"availableBalance":"17288.78","playPasses":76,"timestamp":1719570642906,"farming":{"startTime":1719566291374,"endTime":1719595091374,"earningsRate":"0.002","balance":"8.702"}}
{"gameId":"f6c27420-98aa-4e21-8f5a-80fbf057159a"}
OK
{"availableBalance":"17526.78","playPasses":75,"timestamp":1719570675030,"farming":{"startTime":1719566291374,"endTime":1719595091374,"earningsRate":"0.002","balance":"8.766"}}
{"gameId":"1335d2dd-520d-49a9-baeb-a81864e2ded0"}
OK
{"availableBalance":"17748.78","playPasses":74,"timestamp":1719570707193,"farming":{"startTime":1719566291374,"endTime":1719595091374,"earningsRate":"0.002","balance":"8.83"}}
{"gameId":"67f343c7-0490-41af-9284-2be99e0167ca"}
OK
{"availableBalance":"17983.78","playPasses":73,"timestamp":1719570739549,"farming":{"startTime":1719566291374,"endTime":1719595091374,"earningsRate":"0.002","balance":"8.896"}}
{"gameId":"254db978-4ddc-495a-be59-e2c3ca655e6c"}
OK
{"availableBalance":"18214.78","playPasses":72,"timestamp":1719570771839,"farming":{"startTime":1719566291374,"endTime":1719595091374,"earningsRate":"0.002","balance":"8.96"}}
{"gameId":"88cb0863-8bdf-4f01-84b7-590aa9a66219"}
OK
{"availableBalance":"18456.78","playPasses":71,"timestamp":1719570804052,"farming":{"startTime":1719566291374,"endTime":1719595091374,"earningsRate":"0.002","balance":"9.024"}}
{"gameId":"4499f515-2b99-41e1-913e-a4eb15ab3df2"}
OK
{"availableBalance":"18672.78","playPasses":70,"timestamp":1719570836495,"farming":{"startTime":1719566291374,"endTime":1719595091374,"earningsRate":"0.002","balance":"9.09"}}
{"gameId":"4b212387-6f9d-4380-9bc8-0c10291c5511"}
OK
{"availableBalance":"18883.78","playPasses":69,"timestamp":1719570869011,"farming":{"startTime":1719566291374,"endTime":1719595091374,"earningsRate":"0.002","balance":"9.154"}}
{"gameId":"4cf10201-15db-4b9f-b4ce-330f1d09949b"}
OK
{"availableBalance":"19353.78","playPasses":68,"timestamp":1719570901032,"farming":{"startTime":1719566291374,"endTime":1719595091374,"earningsRate":"0.002","balance":"9.218"}}
{"gameId":"72cce6e2-92e9-4ddc-a122-391e38fb182c"}
OK
{"availableBalance":"19593.78","playPasses":67,"timestamp":1719570933567,"farming":{"startTime":1719566291374,"endTime":1719595091374,"earningsRate":"0.002","balance":"9.284"}}
{"gameId":"f876cc24-b24a-4b76-888a-bb54e922cf54"}
OK
{"availableBalance":"19793.78","playPasses":66,"timestamp":1719570965789,"farming":{"startTime":1719566291374,"endTime":1719595091374,"earningsRate":"0.002","balance":"9.348"}}
{"gameId":"f047e8ef-f4da-47a6-9759-fcf1637fa4b5"}
OK
{"availableBalance":"20010.78","playPasses":65,"timestamp":1719570998316,"farming":{"startTime":1719566291374,"endTime":1719595091374,"earningsRate":"0.002","balance":"9.412"}}
{"gameId":"6b697a49-7da5-4805-b6d4-a0cd721afe38"}
OK
{"availableBalance":"20217.78","playPasses":64,"timestamp":1719571030651,"farming":{"startTime":1719566291374,"endTime":1719595091374,"earningsRate":"0.002","balance":"9.478"}}
{"gameId":"4d81a69b-2c6e-4c38-a3c0-3d99bea1e3d0"}
OK
{"availableBalance":"20460.78","playPasses":63,"timestamp":1719571062988,"farming":{"startTime":1719566291374,"endTime":1719595091374,"earningsRate":"0.002","balance":"9.542"}}
{"gameId":"a450a081-84c8-49f8-9da7-012c960c5f39"}
OK
{"availableBalance":"20699.78","playPasses":62,"timestamp":1719571095296,"farming":{"startTime":1719566291374,"endTime":1719595091374,"earningsRate":"0.002","balance":"9.606"}}
{"gameId":"67cfeabc-bb95-4f7c-b762-c6cd60a4d310"}
OK
{"availableBalance":"20944.78","playPasses":61,"timestamp":1719571127906,"farming":{"startTime":1719566291374,"endTime":1719595091374,"earningsRate":"0.002","balance":"9.672"}}
{"gameId":"fb6a9f24-0eb0-4dbd-a1e1-5b4259db9666"}
OK
{"availableBalance":"21153.78","playPasses":60,"timestamp":1719571160249,"farming":{"startTime":1719566291374,"endTime":1719595091374,"earningsRate":"0.002","balance":"9.736"}}
{"gameId":"107dfb21-d76b-4e27-8f8c-68fe1ae004d1"}
OK
{"availableBalance":"21400.78","playPasses":59,"timestamp":1719571192304,"farming":{"startTime":1719566291374,"endTime":1719595091374,"earningsRate":"0.002","balance":"9.8"}}
{"gameId":"3862d428-849a-4d0c-bc07-39ce38fa3deb"}
OK
{"availableBalance":"21630.78","playPasses":58,"timestamp":1719571224598,"farming":{"startTime":1719566291374,"endTime":1719595091374,"earningsRate":"0.002","balance":"9.866"}}
{"gameId":"96fbe82a-d3b6-4d73-b60f-5e5b94297eb5"}
OK
{"availableBalance":"21824.78","playPasses":57,"timestamp":1719571256978,"farming":{"startTime":1719566291374,"endTime":1719595091374,"earningsRate":"0.002","balance":"9.93"}}
{"gameId":"aa13e817-d009-48ad-8c7f-17e174092efd"}
OK
{"availableBalance":"22067.78","playPasses":56,"timestamp":1719571289325,"farming":{"startTime":1719566291374,"endTime":1719595091374,"earningsRate":"0.002","balance":"9.994"}}
{"gameId":"a39f24e6-e4f5-44ee-91e1-4f47b844dbd0"}
OK
{"availableBalance":"22274.78","playPasses":55,"timestamp":1719571321558,"farming":{"startTime":1719566291374,"endTime":1719595091374,"earningsRate":"0.002","balance":"10.06"}}
{"gameId":"14849571-77d5-4f67-9688-4a3d12419e67"}
OK
{"availableBalance":"22475.78","playPasses":54,"timestamp":1719571353992,"farming":{"startTime":1719566291374,"endTime":1719595091374,"earningsRate":"0.002","balance":"10.124"}}
{"gameId":"b6d7025d-ea2b-43ed-9dae-b3d56862f1f8"}
OK
{"availableBalance":"22693.78","playPasses":53,"timestamp":1719571386469,"farming":{"startTime":1719566291374,"endTime":1719595091374,"earningsRate":"0.002","balance":"10.19"}}
{"gameId":"006b29b5-7d6e-4b40-9902-e5856da782ce"}
OK
{"availableBalance":"22919.78","playPasses":52,"timestamp":1719571418988,"farming":{"startTime":1719566291374,"endTime":1719595091374,"earningsRate":"0.002","balance":"10.254"}}
{"gameId":"bf143a46-a9e5-4434-9725-8b131119444c"}
OK
{"availableBalance":"23118.78","playPasses":51,"timestamp":1719571451479,"farming":{"startTime":1719566291374,"endTime":1719595091374,"earningsRate":"0.002","balance":"10.32"}}
{"gameId":"c9d85a4e-0b31-45fa-98ac-cfe334faf01e"}
OK
{"availableBalance":"23331.78","playPasses":50,"timestamp":1719571483740,"farming":{"startTime":1719566291374,"endTime":1719595091374,"earningsRate":"0.002","balance":"10.384"}}
{"gameId":"bf405481-c984-4b94-8051-72461ce95e91"}
OK
{"availableBalance":"23579.78","playPasses":49,"timestamp":1719571515893,"farming":{"startTime":1719566291374,"endTime":1719595091374,"earningsRate":"0.002","balance":"10.448"}}
{"gameId":"a5dce796-f6a9-493b-a557-021557de5627"}
OK
{"availableBalance":"23806.78","playPasses":48,"timestamp":1719571548356,"farming":{"startTime":1719566291374,"endTime":1719595091374,"earningsRate":"0.002","balance":"10.512"}}
{"gameId":"bf508ca8-2258-484b-992c-fedef218949d"}
OK
{"availableBalance":"23998.78","playPasses":47,"timestamp":1719571580800,"farming":{"startTime":1719566291374,"endTime":1719595091374,"earningsRate":"0.002","balance":"10.578"}}
{"gameId":"ec2e3a7d-0d9d-43fb-a0af-69a4527bae9b"}
OK
{"availableBalance":"24193.78","playPasses":46,"timestamp":1719571613273,"farming":{"startTime":1719566291374,"endTime":1719595091374,"earningsRate":"0.002","balance":"10.642"}}
{"gameId":"55e2538b-6ae9-4efc-978f-40056017a0a3"}
OK
{"availableBalance":"24416.78","playPasses":45,"timestamp":1719571645442,"farming":{"startTime":1719566291374,"endTime":1719595091374,"earningsRate":"0.002","balance":"10.708"}}
{"gameId":"659c9200-c4a2-4077-9464-e54f590ed320"}
OK
{"availableBalance":"24622.78","playPasses":44,"timestamp":1719571677856,"farming":{"startTime":1719566291374,"endTime":1719595091374,"earningsRate":"0.002","balance":"10.772"}}
{"gameId":"cf212ee7-c36f-46e5-bdf4-840a25574541"}
OK
{"availableBalance":"24827.78","playPasses":43,"timestamp":1719571710201,"farming":{"startTime":1719566291374,"endTime":1719595091374,"earningsRate":"0.002","balance":"10.836"}}
{"gameId":"d3833b8c-a3e1-4715-a153-a463b4e5cab0"}
OK
{"availableBalance":"25070.78","playPasses":42,"timestamp":1719571743479,"farming":{"startTime":1719566291374,"endTime":1719595091374,"earningsRate":"0.002","balance":"10.904"}}
{"gameId":"52264f93-5068-4d12-9406-eca02e56bec7"}
OK
{"availableBalance":"25263.78","playPasses":41,"timestamp":1719571775528,"farming":{"startTime":1719566291374,"endTime":1719595091374,"earningsRate":"0.002","balance":"10.968"}}
{"gameId":"7e180d2e-2c38-40c1-ae40-9d43a149c85f"}
OK
{"availableBalance":"25472.78","playPasses":40,"timestamp":1719571807684,"farming":{"startTime":1719566291374,"endTime":1719595091374,"earningsRate":"0.002","balance":"11.032"}}
{"gameId":"a03ca294-9129-48f0-b904-bc2efcd51412"}
OK
{"availableBalance":"25691.78","playPasses":39,"timestamp":1719571840363,"farming":{"startTime":1719566291374,"endTime":1719595091374,"earningsRate":"0.002","balance":"11.096"}}
{"gameId":"c9626003-73b4-428b-98b3-55e339e102ec"}
OK
{"availableBalance":"25925.78","playPasses":38,"timestamp":1719571872635,"farming":{"startTime":1719566291374,"endTime":1719595091374,"earningsRate":"0.002","balance":"11.162"}}
{"gameId":"aa454437-56cd-49f0-b818-c65c72ab1ed4"}
OK
{"availableBalance":"26145.78","playPasses":37,"timestamp":1719571904949,"farming":{"startTime":1719566291374,"endTime":1719595091374,"earningsRate":"0.002","balance":"11.226"}}
{"gameId":"39e72697-13a6-4fed-b7ae-bf5fd8238a6a"}
OK
{"availableBalance":"26351.78","playPasses":36,"timestamp":1719571936952,"farming":{"startTime":1719566291374,"endTime":1719595091374,"earningsRate":"0.002","balance":"11.29"}}
{"gameId":"f4f64c84-85c5-4bde-b9d3-87b01dfae334"}
OK
{"availableBalance":"26575.78","playPasses":35,"timestamp":1719571970775,"farming":{"startTime":1719566291374,"endTime":1719595091374,"earningsRate":"0.002","balance":"11.358"}}
{"gameId":"effe27c7-4a8e-4342-ab39-4ef12be637db"}
OK
{"availableBalance":"26788.78","playPasses":34,"timestamp":1719572003154,"farming":{"startTime":1719566291374,"endTime":1719595091374,"earningsRate":"0.002","balance":"11.422"}}
{"gameId":"6412dc44-6755-461d-a67c-2a0cd02205a6"}
OK
{"availableBalance":"27013.78","playPasses":33,"timestamp":1719572035403,"farming":{"startTime":1719566291374,"endTime":1719595091374,"earningsRate":"0.002","balance":"11.488"}}
{"gameId":"2e907d19-aa87-4a0d-82c7-4a53cd24e0ce"}
OK
{"availableBalance":"27207.78","playPasses":32,"timestamp":1719572067509,"farming":{"startTime":1719566291374,"endTime":1719595091374,"earningsRate":"0.002","balance":"11.552"}}
{"gameId":"85b3780f-c1f2-417f-bbd1-180942df0e10"}
OK
{"availableBalance":"27422.78","playPasses":31,"timestamp":1719572099807,"farming":{"startTime":1719566291374,"endTime":1719595091374,"earningsRate":"0.002","balance":"11.616"}}
{"gameId":"dd3a3a26-1d53-459d-b61f-34cf94cbfc23"}
OK
{"availableBalance":"27610.78","playPasses":30,"timestamp":1719572132160,"farming":{"startTime":1719566291374,"endTime":1719595091374,"earningsRate":"0.002","balance":"11.68"}}
{"gameId":"51ff8777-2a8c-4180-a566-f78455a0f733"}
OK
{"availableBalance":"27614.78","playPasses":29,"timestamp":1719572164475,"farming":{"startTime":1719566291374,"endTime":1719595091374,"earningsRate":"0.002","balance":"11.746"}}
{"gameId":"e8ce8e09-35a9-4f9f-9aea-6603cc527579"}
OK
{"availableBalance":"27856.78","playPasses":28,"timestamp":1719572196754,"farming":{"startTime":1719566291374,"endTime":1719595091374,"earningsRate":"0.002","balance":"11.81"}}
{"gameId":"483830c6-5db1-4380-84a3-c087da8eb1da"}
OK
{"availableBalance":"28085.78","playPasses":27,"timestamp":1719572229211,"farming":{"startTime":1719566291374,"endTime":1719595091374,"earningsRate":"0.002","balance":"11.874"}}
{"gameId":"8d3741e9-9e24-4d9e-84ca-2403fb6c5060"}
OK
{"availableBalance":"28278.78","playPasses":26,"timestamp":1719572261456,"farming":{"startTime":1719566291374,"endTime":1719595091374,"earningsRate":"0.002","balance":"11.94"}}
{"gameId":"bf1ec2ef-b4c9-4128-b080-046bd48bed3d"}
OK
{"availableBalance":"28500.78","playPasses":25,"timestamp":1719572293802,"farming":{"startTime":1719566291374,"endTime":1719595091374,"earningsRate":"0.002","balance":"12.004"}}
{"gameId":"0b48adbc-d2bb-4a0d-b410-21c55ad1b20f"}
OK
{"availableBalance":"28703.78","playPasses":24,"timestamp":1719572326047,"farming":{"startTime":1719566291374,"endTime":1719595091374,"earningsRate":"0.002","balance":"12.068"}}
{"gameId":"339e0e3c-0a18-429b-9372-eddc837bdc67"}
OK
{"availableBalance":"28911.78","playPasses":23,"timestamp":1719572358213,"farming":{"startTime":1719566291374,"endTime":1719595091374,"earningsRate":"0.002","balance":"12.132"}}
{"gameId":"7b38f8d7-9121-4029-ae3a-58e29e5c5e0d"}
OK
{"availableBalance":"29158.78","playPasses":22,"timestamp":1719572390400,"farming":{"startTime":1719566291374,"endTime":1719595091374,"earningsRate":"0.002","balance":"12.198"}}
{"gameId":"0a57d87c-08e4-4999-a53f-dec1626a3e49"}
OK
{"availableBalance":"29354.78","playPasses":21,"timestamp":1719572422881,"farming":{"startTime":1719566291374,"endTime":1719595091374,"earningsRate":"0.002","balance":"12.262"}}
{"gameId":"35eb2301-5b71-48aa-a98f-d55ba82a176a"}
OK
{"availableBalance":"29584.78","playPasses":20,"timestamp":1719572455043,"farming":{"startTime":1719566291374,"endTime":1719595091374,"earningsRate":"0.002","balance":"12.326"}}
{"gameId":"e17748b6-3dbe-442a-afe9-2101e60a90c8"}
OK
{"availableBalance":"29802.78","playPasses":19,"timestamp":1719572487340,"farming":{"startTime":1719566291374,"endTime":1719595091374,"earningsRate":"0.002","balance":"12.39"}}
{"gameId":"1dead04d-c414-4712-b71e-ec41778edde7"}
OK
{"availableBalance":"30187.78","playPasses":18,"timestamp":1719572519635,"farming":{"startTime":1719566291374,"endTime":1719595091374,"earningsRate":"0.002","balance":"12.456"}}
{"gameId":"7ffb8767-2b07-4c8e-aaa7-8a5ba41ff38e"}
OK
{"availableBalance":"30383.78","playPasses":17,"timestamp":1719572551861,"farming":{"startTime":1719566291374,"endTime":1719595091374,"earningsRate":"0.002","balance":"12.52"}}
{"gameId":"9dde1a8a-e06c-4ee2-9205-17639af43520"}
{"message":"Invalid jwt token"}
{"message":"Invalid jwt token"}
{"token":{"access":"eyJhbGciOiJIUzI1NiIsInR5cCI6IkpXVCJ9.eyJoYXNfZ3Vlc3QiOmZhbHNlLCJ0eXBlIjoiQUNDRVNTIiwiaXNzIjoiYmx1bSIsInN1YiI6ImQ0ZDU3YzhkLTlhNjUtNGZkMC05MTExLWJhMWJlNjRkYjUzZCIsImV4cCI6MTcxOTU3NzkxMiwiaWF0IjoxNzE5NTc0MzEyfQ.kjTasM93frv5eIKM_9I4rJp0usLNuCEyBT0H1KsF3BU", "refresh":"eyJhbGciOiJIUzI1NiIsInR5cCI6IkpXVCJ9.eyJoYXNfZ3Vlc3QiOmZhbHNlLCJ0eXBlIjoiUkVGUkVTSCIsImlzcyI6ImJsdW0iLCJzdWIiOiJkNGQ1N2M4ZC05YTY1LTRmZDAtOTExMS1iYTFiZTY0ZGI1M2QiLCJleHAiOjE3MTk2NjA3MTIsImlhdCI6MTcxOTU3NDMxMn0.nZmwy1LHGy645Rwj7OGpZkiaQ8L7FsKhaIoFBgcGsvM", "user":{"id":{"id":"d4d57c8d-9a65-4fd0-9111-ba1be64db53d"}, "username":"Srimeii"}}}
{"message":"Not Found"}
{"limitInvitation":"6", "usedInvitation":"4", "amountForClaim":"32.04", "referralToken":"0rpUGMFxZt", "percentFromFriends":10, "percentFromFriendsOfFriends":2.5, "canClaim":false, "canClaimAt":"1719597758267"}
{"availableBalance":"30601.78","playPasses":16,"timestamp":1719574314424,"farming":{"startTime":1719566291374,"endTime":1719595091374,"earningsRate":"0.002","balance":"16.046"}}
{"availableBalance":"30601.78","playPasses":16,"timestamp":1719574315040,"farming":{"startTime":1719566291374,"endTime":1719595091374,"earningsRate":"0.002","balance":"16.046"}}
{"gameId":"e32902bc-bc83-4739-ab4a-7b27a1de65a8"}
OK
{"availableBalance":"30821.78","playPasses":15,"timestamp":1719574347571,"farming":{"startTime":1719566291374,"endTime":1719595091374,"earningsRate":"0.002","balance":"16.112"}}
{"gameId":"1e917eac-8fb0-42d1-98ca-ed899fcc4e3c"}
OK
{"availableBalance":"31060.78","playPasses":14,"timestamp":1719574379752,"farming":{"startTime":1719566291374,"endTime":1719595091374,"earningsRate":"0.002","balance":"16.176"}}
{"gameId":"a98c0615-c054-4647-842a-495e422fc453"}
OK
{"availableBalance":"31266.78","playPasses":13,"timestamp":1719574412082,"farming":{"startTime":1719566291374,"endTime":1719595091374,"earningsRate":"0.002","balance":"16.24"}}
{"gameId":"7bcb4293-00f9-41d8-a826-5c8f2c67a3e7"}
OK
{"availableBalance":"31495.78","playPasses":12,"timestamp":1719574444256,"farming":{"startTime":1719566291374,"endTime":1719595091374,"earningsRate":"0.002","balance":"16.304"}}
{"gameId":"cdd985f8-10e5-4a8c-b76e-3a64c5b8a00a"}
OK
{"availableBalance":"31688.78","playPasses":11,"timestamp":1719574476888,"farming":{"startTime":1719566291374,"endTime":1719595091374,"earningsRate":"0.002","balance":"16.37"}}
{"gameId":"6b35a8fa-d693-4467-91eb-d436dab2eae4"}
OK
{"availableBalance":"31913.78","playPasses":10,"timestamp":1719574509288,"farming":{"startTime":1719566291374,"endTime":1719595091374,"earningsRate":"0.002","balance":"16.434"}}
{"gameId":"7b28ea3c-22f4-4ee1-8886-efb23dd53f0f"}
OK
{"availableBalance":"32119.78","playPasses":9,"timestamp":1719574541589,"farming":{"startTime":1719566291374,"endTime":1719595091374,"earningsRate":"0.002","balance":"16.5"}}
{"gameId":"6556c546-5926-49ac-a17e-400b275b5f50"}
OK
{"availableBalance":"32316.78","playPasses":8,"timestamp":1719574574148,"farming":{"startTime":1719566291374,"endTime":1719595091374,"earningsRate":"0.002","balance":"16.564"}}
{"gameId":"7b4e3784-33e2-4e2b-9ed7-373202228934"}
OK
{"availableBalance":"32315.78","playPasses":7,"timestamp":1719574606708,"farming":{"startTime":1719566291374,"endTime":1719595091374,"earningsRate":"0.002","balance":"16.63"}}
{"gameId":"9f995ba0-0e3f-4ed3-b0f5-52d526953c6e"}
OK
{"availableBalance":"32516.78","playPasses":6,"timestamp":1719574639063,"farming":{"startTime":1719566291374,"endTime":1719595091374,"earningsRate":"0.002","balance":"16.694"}}
{"gameId":"a6d02b53-7272-48bf-8d31-50a0e185fb54"}
OK
{"availableBalance":"32709.78","playPasses":5,"timestamp":1719574671423,"farming":{"startTime":1719566291374,"endTime":1719595091374,"earningsRate":"0.002","balance":"16.76"}}
{"gameId":"4bae442a-e245-43ed-bbe5-924f90a6e5be"}
OK
{"availableBalance":"32955.78","playPasses":4,"timestamp":1719574703661,"farming":{"startTime":1719566291374,"endTime":1719595091374,"earningsRate":"0.002","balance":"16.824"}}
{"gameId":"7b194ed5-4e2a-4c23-a455-4a661347c774"}
OK
{"availableBalance":"33181.78","playPasses":3,"timestamp":1719574735947,"farming":{"startTime":1719566291374,"endTime":1719595091374,"earningsRate":"0.002","balance":"16.888"}}
{"gameId":"5ecad45a-5973-4dcc-a165-406e39358bed"}
OK
{"availableBalance":"33430.78","playPasses":2,"timestamp":1719574768086,"farming":{"startTime":1719566291374,"endTime":1719595091374,"earningsRate":"0.002","balance":"16.952"}}
{"gameId":"bbd70ceb-c7b2-446a-89d8-1c1b029c4959"}
OK
{"availableBalance":"33635.78","playPasses":1,"timestamp":1719574800353,"farming":{"startTime":1719566291374,"endTime":1719595091374,"earningsRate":"0.002","balance":"17.016"}}
{"gameId":"aebff37a-4f98-4a89-af37-ac7331caa37a"}
OK
{"availableBalance":"33845.78","playPasses":0,"timestamp":1719574832624,"farming":{"startTime":1719566291374,"endTime":1719595091374,"earningsRate":"0.002","balance":"17.082"}}
